07-01-2021 17:42:50	This log contains information about the import schema operation into project 'Database' on computer 'MOUNTAIN' by user 'admin'.
07-01-2021 17:42:51	Import of database schema has started.
07-01-2021 17:42:57	Gathering database options
07-01-2021 17:42:57	Gathering users
07-01-2021 17:42:57	Gathering roles
07-01-2021 17:42:57	Gathering application roles
07-01-2021 17:42:57	Gathering role memberships
07-01-2021 17:42:57	Gathering filegroups
07-01-2021 17:42:57	Gathering full-text catalogs
07-01-2021 17:42:57	Gathering assemblies
07-01-2021 17:42:57	Gathering certificates
07-01-2021 17:42:57	Gathering asymmetric keys
07-01-2021 17:42:57	Gathering symmetric keys
07-01-2021 17:42:57	Gathering encrypted symmetric keys
07-01-2021 17:42:57	Gathering schemas
07-01-2021 17:42:57	Gathering XML schema collections
07-01-2021 17:42:57	Gathering user-defined data types
07-01-2021 17:42:57	Gathering user-defined types
07-01-2021 17:42:57	Gathering table types
07-01-2021 17:42:57	Gathering unique keys for table types
07-01-2021 17:42:57	Gathering primary keys for table types
07-01-2021 17:42:57	Gathering check constraints for table types
07-01-2021 17:42:57	Gathering default constraints for table types
07-01-2021 17:42:57	Gathering partition functions
07-01-2021 17:42:57	Gathering partition schemes
07-01-2021 17:42:57	Gathering functions
07-01-2021 17:42:57	Gathering encrypted functions
07-01-2021 17:42:57	Gathering aggregates
07-01-2021 17:42:57	Gathering procedures
07-01-2021 17:42:57	Gathering encrypted procedures
07-01-2021 17:42:57	Gathering tables
07-01-2021 17:42:57	Gathering primary keys
07-01-2021 17:42:57	Gathering unique constraints
07-01-2021 17:42:57	Gathering foreign keys
07-01-2021 17:42:57	Gathering default constraints
07-01-2021 17:42:57	Gathering check constraints
07-01-2021 17:42:57	Gathering views
07-01-2021 17:42:57	Gathering encrypted views
07-01-2021 17:42:57	Gathering indexes
07-01-2021 17:42:57	Gathering statistics
07-01-2021 17:42:57	Gathering full-text index stoplists
07-01-2021 17:42:57	Gathering full-text indexes
07-01-2021 17:42:57	Gathering spatial indexes
07-01-2021 17:42:57	Gathering XML indexes
07-01-2021 17:42:57	Gathering encrypted triggers
07-01-2021 17:42:57	Gathering triggers
07-01-2021 17:42:57	Gathering encrypted and clr ddl triggers
07-01-2021 17:42:57	Gathering ddl triggers
07-01-2021 17:42:57	Gathering synonyms
07-01-2021 17:42:57	Gathering defaults
07-01-2021 17:42:57	Gathering data constraint uddt bindings
07-01-2021 17:42:57	Gathering rules
07-01-2021 17:42:57	Gathering data constraint uddt bindings
07-01-2021 17:42:57	Gathering message types
07-01-2021 17:42:57	Gathering queues
07-01-2021 17:42:57	Gathering contracts
07-01-2021 17:42:57	Gathering services
07-01-2021 17:42:57	Gathering event notifications
07-01-2021 17:42:57	Gathering remote service bindings
07-01-2021 17:42:57	Gathering broker priorities
07-01-2021 17:42:57	Gathering signatures
07-01-2021 17:42:57	Gathering data compression options
07-01-2021 17:42:57	Gathering extended properties
07-01-2021 17:42:57	Gathering credentials
07-01-2021 17:42:57	Gathering logins
07-01-2021 17:42:57	Gathering server audits
07-01-2021 17:42:58	Scanning project for duplicate elements
07-01-2021 17:42:58	Finished duplicate element processing
07-01-2021 17:42:58	Finished importing database.
07-01-2021 17:42:58	A summary of the import was saved to the following location: C:\Users\admin\source\repos\Dummy\Database\Database\Import Schema Logs\Database_20210107121250.log
07-01-2021 17:42:58	Click Finish to continue...
